2023-12-09 16:36:39.627 [info] Started initializing default profile extensions in extensions installation folder. file:///home/archuser/.vscode-oss/extensions
2023-12-09 16:36:40.568 [info] Completed initializing default profile extensions in extensions installation folder. file:///home/archuser/.vscode-oss/extensions
2023-12-09 16:36:40.568 [error] [uncaught exception in sharedProcess]: Error: ENOENT: no such file or directory, stat '/home/archuser/.vscode-oss/extensions/extensions.json.vsctmp': EntryNotFound (FileSystemError): Error: ENOENT: no such file or directory, stat '/home/archuser/.vscode-oss/extensions/extensions.json.vsctmp'
    at r.create (/usr/lib/code/out/vs/code/node/sharedProcess/sharedProcessMain.js:51:30056)
    at a (/usr/lib/code/out/vs/code/node/sharedProcess/sharedProcessMain.js:51:30170)
    at s.fb (/usr/lib/code/out/vs/code/node/sharedProcess/sharedProcessMain.js:56:36175)
    at s.stat (/usr/lib/code/out/vs/code/node/sharedProcess/sharedProcessMain.js:56:28621)
    at async E.stat (/usr/lib/code/out/vs/code/node/sharedProcess/sharedProcessMain.js:56:15732)
    at async Y.tb (/usr/lib/code/out/vs/code/node/sharedProcess/sharedProcessMain.js:100:111319)
2023-12-09 16:37:00.124 [info] Getting Manifest... vadimcn.vscode-lldb
2023-12-09 16:37:00.374 [info] Installing extension: vadimcn.vscode-lldb
2023-12-09 16:37:02.010 [info] Extension signature verification is not done: vadimcn.vscode-lldb
2023-12-09 16:37:02.210 [info] Extracted extension to file:///home/archuser/.vscode-oss/extensions/vadimcn.vscode-lldb-1.10.0-universal: vadimcn.vscode-lldb
2023-12-09 16:37:02.237 [info] Renamed to /home/archuser/.vscode-oss/extensions/vadimcn.vscode-lldb-1.10.0-universal
2023-12-09 16:37:02.252 [info] Extracting extension completed. vadimcn.vscode-lldb
2023-12-09 16:37:02.333 [info] Extension installed successfully: vadimcn.vscode-lldb
2023-12-09 16:37:02.374 [error] [uncaught exception in sharedProcess]: Error: ENOENT: no such file or directory, stat '/home/archuser/.vscode-oss/extensions/extensions.json.vsctmp': EntryNotFound (FileSystemError): Error: ENOENT: no such file or directory, stat '/home/archuser/.vscode-oss/extensions/extensions.json.vsctmp'
    at r.create (/usr/lib/code/out/vs/code/node/sharedProcess/sharedProcessMain.js:51:30056)
    at a (/usr/lib/code/out/vs/code/node/sharedProcess/sharedProcessMain.js:51:30170)
    at s.fb (/usr/lib/code/out/vs/code/node/sharedProcess/sharedProcessMain.js:56:36175)
    at s.stat (/usr/lib/code/out/vs/code/node/sharedProcess/sharedProcessMain.js:56:28621)
    at async E.stat (/usr/lib/code/out/vs/code/node/sharedProcess/sharedProcessMain.js:56:15732)
    at async Y.tb (/usr/lib/code/out/vs/code/node/sharedProcess/sharedProcessMain.js:100:111319)
2023-12-09 16:37:04.437 [info] Uninstalling extension from the profile: vadimcn.vscode-lldb@1.10.0 vscode-userdata:/home/archuser/.vscode-oss/extensions/extensions.json
2023-12-09 16:37:04.603 [error] [uncaught exception in sharedProcess]: Error: ENOENT: no such file or directory, stat '/home/archuser/.vscode-oss/extensions/extensions.json.vsctmp': EntryNotFound (FileSystemError): Error: ENOENT: no such file or directory, stat '/home/archuser/.vscode-oss/extensions/extensions.json.vsctmp'
    at r.create (/usr/lib/code/out/vs/code/node/sharedProcess/sharedProcessMain.js:51:30056)
    at a (/usr/lib/code/out/vs/code/node/sharedProcess/sharedProcessMain.js:51:30170)
    at s.fb (/usr/lib/code/out/vs/code/node/sharedProcess/sharedProcessMain.js:56:36175)
    at s.stat (/usr/lib/code/out/vs/code/node/sharedProcess/sharedProcessMain.js:56:28621)
    at async E.stat (/usr/lib/code/out/vs/code/node/sharedProcess/sharedProcessMain.js:56:15732)
    at async Y.tb (/usr/lib/code/out/vs/code/node/sharedProcess/sharedProcessMain.js:100:111319)
2023-12-09 16:37:04.629 [info] Marked extension as uninstalled vadimcn.vscode-lldb-1.10.0-universal
2023-12-09 16:37:04.809 [info] Successfully uninstalled extension from the profile vadimcn.vscode-lldb@1.10.0 vscode-userdata:/home/archuser/.vscode-oss/extensions/extensions.json
